[debug] [2024-05-20T02:15:31.532Z] ----------------------------------------------------------------------
[debug] [2024-05-20T02:15:31.538Z] Command:       C:\Program Files\nodejs\node.exe C:\Users\jazae\AppData\Roaming\npm\node_modules\firebase-tools\lib\bin\firebase.js init
[debug] [2024-05-20T02:15:31.541Z] CLI Version:   13.9.0
[debug] [2024-05-20T02:15:31.542Z] Platform:      win32
[debug] [2024-05-20T02:15:31.542Z] Node Version:  v18.13.0
[debug] [2024-05-20T02:15:31.545Z] Time:          Sun May 19 2024 20:15:31 GMT-0600 (hora estándar central)
[debug] [2024-05-20T02:15:31.546Z] ----------------------------------------------------------------------
[debug] 
[debug] [2024-05-20T02:15:31.571Z] > command requires scopes: ["email","openid","https://www.googleapis.com/auth/cloudplatformprojects.readonly","https://www.googleapis.com/auth/firebase","https://www.googleapis.com/auth/cloud-platform"]
[debug] [2024-05-20T02:15:31.573Z] > authorizing via signed-in user (al221910549@gmail.com)
[info] 
     ######## #### ########  ######## ########     ###     ######  ########
     ##        ##  ##     ## ##       ##     ##  ##   ##  ##       ##
     ######    ##  ########  ######   ########  #########  ######  ######
     ##        ##  ##    ##  ##       ##     ## ##     ##       ## ##
     ##       #### ##     ## ######## ########  ##     ##  ######  ########

You're about to initialize a Firebase project in this directory:

  C:\Users\jazae\Desktop\Proyecto

[info] 
=== Project Setup
[info] 
[info] First, let's associate this project directory with a Firebase project.
[info] You can create multiple project aliases by running firebase use --add, 
[info] but for now we'll just set up a default project.
[info] 
[debug] [2024-05-20T02:15:38.107Z] >>> [apiv2][query] GET https://firebase.googleapis.com/v1beta1/projects pageSize=100
[debug] [2024-05-20T02:15:38.607Z] <<< [apiv2][status] GET https://firebase.googleapis.com/v1beta1/projects 200
[debug] [2024-05-20T02:15:38.607Z] <<< [apiv2][body] GET https://firebase.googleapis.com/v1beta1/projects [omitted]
[info] i  Using project novedades-sam (Novedades Sam) 
[info] 
=== Hosting Setup
[debug] [2024-05-20T02:15:42.527Z] >>> [apiv2][query] GET https://firebase.googleapis.com/v1beta1/projects/novedades-sam [none]
[debug] [2024-05-20T02:15:42.847Z] <<< [apiv2][status] GET https://firebase.googleapis.com/v1beta1/projects/novedades-sam 200
[debug] [2024-05-20T02:15:42.848Z] <<< [apiv2][body] GET https://firebase.googleapis.com/v1beta1/projects/novedades-sam {"projectId":"novedades-sam","projectNumber":"102215151369","displayName":"Novedades Sam","name":"projects/novedades-sam","resources":{"hostingSite":"novedades-sam"},"state":"ACTIVE","etag":"1_632f7ddc-11e1-4c8c-989a-b3c33d60e866"}
[info] 
[info] Your public directory is the folder (relative to your project directory) that
[info] will contain Hosting assets to be uploaded with firebase deploy. If you
[info] have a build process for your assets, use your build's output directory.
[info] 
